[35m[Appium][39m Welcome to Appium v1.22.3
[35m[Appium][39m Non-default server args:
[35m[Appium][39m   port: 53236
[35m[Appium][39m   loglevel: info
[35m[Appium][39m   tmpDir: C:\Users\user\AppData\Local\Temp\\Katalon\Appium\Temp1680180618968
[35m[Appium][39m   chromedriverPort: 53237
[35m[Appium][39m Deprecated server args:
[35m[Appium][39m   [31m--chromedriver-port[39m => --default-capabilities
[35m[Appium][39m Default capabilities, which will be added to each request unless overridden by desired capabilities:
[35m[Appium][39m   chromedriverPort: 53237
[35m[Appium][39m Appium REST http interface listener started on 0.0.0.0:53236
[35m[HTTP][39m [37m-->[39m [37mGET[39m [37m/wd/hub/status[39m
[35m[HTTP][39m [90m{}[39m
[35m[HTTP][39m [37m<-- GET /wd/hub/status [39m[32m200[39m [90m6 ms - 68[39m
[35m[HTTP][39m [90m[39m
[35m[HTTP][39m [37m-->[39m [37mPOST[39m [37m/wd/hub/session[39m
[35m[HTTP][39m [90m{"desiredCapabilities":{"app":"C:\\Users\\user\\Katalon Studio\\Automate Edu\\EduApp\\mobileapp\\HappyDayShopping.apk","noReset":false,"deviceName":"Xiaomi M2101K7BNY (Android 12)","fullReset":true,"platform":"ANDROID","newCommandTimeout":1800,"platformVersion":"12","automationName":"uiautomator2","autoGrantPermissions":true,"platformName":"Android","udid":"IZK7TCT8EQT87PIZ","systemPort":53235},"capabilities":{"firstMatch":[{"appium:app":"C:\\Users\\user\\Katalon Studio\\Automate Edu\\EduApp\\mobileapp\\HappyDayShopping.apk","appium:autoGrantPermissions":true,"appium:automationName":"uiautomator2","appium:deviceName":"Xiaomi M2101K7BNY (Android 12)","appium:fullReset":true,"appium:newCommandTimeout":1800,"appium:noReset":false,"platform":"ANDROID","platformName":"android","appium:platformVersion":"12","appium:systemPort":53235,"appium:udid":"IZK7TCT8EQT87PIZ"}]}}[39m
[35m[BaseDriver][39m The following capabilities are not standard capabilities and should have an extension prefix:
[35m[BaseDriver][39m   platform
[35m[BaseDriver][39m   chromedriverPort
[35m[Appium][39m Appium v1.22.3 creating new AndroidUiautomator2Driver (v1.70.1) session
[35m[BaseDriver][39m The following capabilities were provided, but are not recognized by Appium:
[35m[BaseDriver][39m   platform
[35m[BaseDriver][39m Session created with session id: e7d8339a-e6e2-456a-a446-cefc0e85fb05
[35m[BaseDriver][39m Using local app 'C:\Users\user\Katalon Studio\Automate Edu\EduApp\mobileapp\HappyDayShopping.apk'
[35m[ADB][39m Found 2 'build-tools' folders under 'C:\Users\user\AppData\Local\Android\Sdk' (newest first):
[35m[ADB][39m     C:/Users/user/AppData/Local/Android/Sdk/build-tools/33.0.2
[35m[ADB][39m     C:/Users/user/AppData/Local/Android/Sdk/build-tools/30.0.3
[35m[ADB][39m Using 'adb.exe' from 'C:\Users\user\AppData\Local\Android\Sdk\platform-tools\adb.exe'
[35m[AndroidDriver][39m Retrieving device list
[35m[AndroidDriver][39m Using device: IZK7TCT8EQT87PIZ
[35m[ADB][39m Using 'adb.exe' from 'C:\Users\user\AppData\Local\Android\Sdk\platform-tools\adb.exe'
[35m[ADB][39m Getting device platform version
[35m[UiAutomator2][39m Relaxing hidden api policy
[35m[ADB][39m Package name: 'com.ecwid.ShopAt.HappyDayShopping'
[35m[ADB][39m Main activity name: 'com.pb.MainActivity'
[35m[ADB][39m Using 'apksigner.jar' from 'C:\Users\user\AppData\Local\Android\Sdk\build-tools\33.0.2\lib\apksigner.jar'
[35m[ADB][39m 'C:\Users\user\AppData\Roaming\npm\node_modules\appium\node_modules\appium-uiautomator2-server\apks\appium-uiautomator2-server-v4.27.0.apk' is signed with the default certificate
[35m[ADB][39m 'C:\Users\user\AppData\Roaming\npm\node_modules\appium\node_modules\appium-uiautomator2-server\apks\appium-uiautomator2-server-debug-androidTest.apk' is signed with the default certificate
[35m[UiAutomator2][39m Server packages are not going to be (re)installed
[35m[ADB][39m Adding packages ["io.appium.settings","io.appium.uiautomator2.server","io.appium.uiautomator2.server.test"] to Doze whitelist
[35m[ADB][39m 'C:\Users\user\Katalon Studio\Automate Edu\EduApp\mobileapp\HappyDayShopping.apk' is signed with a non-default certificate
[35m[ADB][39m com.ecwid.ShopAt.HappyDayShopping was not uninstalled, because it was not present on the device
[35m[ADB][39m The application at 'C:\Users\user\Katalon Studio\Automate Edu\EduApp\mobileapp\HappyDayShopping.apk' will not be cached, because the device under test has confirmed the support of streamed installs
[35m[ADB][39m The installation of 'HappyDayShopping.apk' took 8572ms
[35m[UiAutomator2][39m Starting UIAutomator2 server 4.27.0
[35m[UiAutomator2][39m Using UIAutomator2 server from 'C:\Users\user\AppData\Roaming\npm\node_modules\appium\node_modules\appium-uiautomator2-server\apks\appium-uiautomator2-server-v4.27.0.apk' and test from 'C:\Users\user\AppData\Roaming\npm\node_modules\appium\node_modules\appium-uiautomator2-server\apks\appium-uiautomator2-server-debug-androidTest.apk'
[35m[UiAutomator2][39m Waiting up to 30000ms for UiAutomator2 to be online...
[35m[WD Proxy][39m socket hang up
[35m[WD Proxy][39m socket hang up
[35m[WD Proxy][39m socket hang up
[35m[WD Proxy][39m socket hang up
[35m[WD Proxy][39m socket hang up
[35m[WD Proxy][39m socket hang up
[35m[WD Proxy][39m socket hang up
[35m[WD Proxy][39m socket hang up
[35m[WD Proxy][39m socket hang up
[35m[WD Proxy][39m socket hang up
[35m[WD Proxy][39m socket hang up
[35m[WD Proxy][39m Determined the downstream protocol as 'W3C'
[35m[AndroidDriver][39m Screen already unlocked, doing nothing
[35m[UiAutomator2][39m Starting 'com.ecwid.ShopAt.HappyDayShopping/com.pb.MainActivity and waiting for 'com.ecwid.ShopAt.HappyDayShopping/com.pb.MainActivity'
[35m[Appium][39m New AndroidUiautomator2Driver session created successfully, session e7d8339a-e6e2-456a-a446-cefc0e85fb05 added to master session list
[35m[HTTP][39m [37m<-- POST /wd/hub/session [39m[32m200[39m [90m27644 ms - 1362[39m
[35m[HTTP][39m [90m[39m
[35m[HTTP][39m [37m-->[39m [37mGET[39m [37m/wd/hub/session/e7d8339a-e6e2-456a-a446-cefc0e85fb05[39m
[35m[HTTP][39m [90m{}[39m
[35m[HTTP][39m [37m<-- GET /wd/hub/session/e7d8339a-e6e2-456a-a446-cefc0e85fb05 [39m[32m200[39m [90m10 ms - 1316[39m
[35m[HTTP][39m [90m[39m
[35m[HTTP][39m [37m-->[39m [37mGET[39m [37m/wd/hub/session/e7d8339a-e6e2-456a-a446-cefc0e85fb05[39m
[35m[HTTP][39m [90m{}[39m
[35m[HTTP][39m [37m<-- GET /wd/hub/session/e7d8339a-e6e2-456a-a446-cefc0e85fb05 [39m[32m200[39m [90m13 ms - 1316[39m
[35m[HTTP][39m [90m[39m
[35m[HTTP][39m [37m-->[39m [37mGET[39m [37m/wd/hub/status[39m
[35m[HTTP][39m [90m{}[39m
[35m[HTTP][39m [37m<-- GET /wd/hub/status [39m[32m200[39m [90m2 ms - 68[39m
[35m[HTTP][39m [90m[39m
[35m[HTTP][39m [37m-->[39m [37mPOST[39m [37m/wd/hub/session/e7d8339a-e6e2-456a-a446-cefc0e85fb05/timeouts[39m
[35m[HTTP][39m [90m{"implicit":30000}[39m
[35m[HTTP][39m [37m<-- POST /wd/hub/session/e7d8339a-e6e2-456a-a446-cefc0e85fb05/timeouts [39m[32m200[39m [90m5 ms - 14[39m
[35m[HTTP][39m [90m[39m
[35m[HTTP][39m [37m-->[39m [37mGET[39m [37m/wd/hub/session/e7d8339a-e6e2-456a-a446-cefc0e85fb05/screenshot[39m
[35m[HTTP][39m [90m{}[39m
[35m[HTTP][39m [37m<-- GET /wd/hub/session/e7d8339a-e6e2-456a-a446-cefc0e85fb05/screenshot [39m[32m200[39m [90m558 ms - 272462[39m
[35m[HTTP][39m [90m[39m
[35m[HTTP][39m [37m-->[39m [37mGET[39m [37m/wd/hub/session/e7d8339a-e6e2-456a-a446-cefc0e85fb05/window/rect[39m
[35m[HTTP][39m [90m{}[39m
[35m[HTTP][39m [37m<-- GET /wd/hub/session/e7d8339a-e6e2-456a-a446-cefc0e85fb05/window/rect [39m[32m200[39m [90m22 ms - 50[39m
[35m[HTTP][39m [90m[39m
[35m[HTTP][39m [37m-->[39m [37mGET[39m [37m/wd/hub/session/e7d8339a-e6e2-456a-a446-cefc0e85fb05/appium/device/system_bars[39m
[35m[HTTP][39m [90m{}[39m
[35m[HTTP][39m [37m<-- GET /wd/hub/session/e7d8339a-e6e2-456a-a446-cefc0e85fb05/appium/device/system_bars [39m[32m200[39m [90m143 ms - 145[39m
[35m[HTTP][39m [90m[39m
[35m[HTTP][39m [37m-->[39m [37mPOST[39m [37m/wd/hub/session/e7d8339a-e6e2-456a-a446-cefc0e85fb05/timeouts[39m
[35m[HTTP][39m [90m{"implicit":50}[39m
[35m[HTTP][39m [37m<-- POST /wd/hub/session/e7d8339a-e6e2-456a-a446-cefc0e85fb05/timeouts [39m[32m200[39m [90m2 ms - 14[39m
[35m[HTTP][39m [90m[39m
[35m[HTTP][39m [37m-->[39m [37mGET[39m [37m/wd/hub/session/e7d8339a-e6e2-456a-a446-cefc0e85fb05/window/rect[39m
[35m[HTTP][39m [90m{}[39m
[35m[HTTP][39m [37m<-- GET /wd/hub/session/e7d8339a-e6e2-456a-a446-cefc0e85fb05/window/rect [39m[32m200[39m [90m20 ms - 50[39m
[35m[HTTP][39m [90m[39m
[35m[HTTP][39m [37m-->[39m [37mPOST[39m [37m/wd/hub/session/e7d8339a-e6e2-456a-a446-cefc0e85fb05/elements[39m
[35m[HTTP][39m [90m{"using":"xpath","value":"//hierarchy/android.widget.FrameLayout[1]/android.widget.LinearLayout[1]/android.widget.FrameLayout[1]/android.widget.LinearLayout[1]/android.widget.FrameLayout[1]/android.widget.FrameLayout[1]/android.view.ViewGroup[1]/android.view.ViewGroup[2]/android.view.ViewGroup[1]/android.view.ViewGroup[1]/android.view.ViewGroup[1]/android.view.ViewGroup[1]/android.view.ViewGroup[1]/android.view.ViewGroup[1]/android.view.ViewGroup[1]/android.widget.ScrollView[1]/android.view.ViewGroup[1]/android.widget.ScrollView[1]/android.view.ViewGroup[1]/android.widget.ScrollView[1]/android.view.ViewGroup[1]/android.view.ViewGroup[2]/android.view.ViewGroup[1]/android.view.ViewGroup[1]/android.view.ViewGroup[1]"}[39m
[35m[HTTP][39m [37m<-- POST /wd/hub/session/e7d8339a-e6e2-456a-a446-cefc0e85fb05/elements [39m[32m200[39m [90m736 ms - 139[39m
[35m[HTTP][39m [90m[39m
[35m[HTTP][39m [37m-->[39m [37mGET[39m [37m/wd/hub/session/e7d8339a-e6e2-456a-a446-cefc0e85fb05/element/00000000-0000-0239-ffff-ffff0000009b/location[39m
[35m[HTTP][39m [90m{}[39m
[35m[W3C (e7d8339a)][39m Driver proxy active, passing request on via HTTP proxy
[35m[WD Proxy][39m Replacing sessionId 964249bc-d14c-4f33-b13e-8a35d0fe5c3c with e7d8339a-e6e2-456a-a446-cefc0e85fb05
[35m[HTTP][39m [37m<-- GET /wd/hub/session/e7d8339a-e6e2-456a-a446-cefc0e85fb05/element/00000000-0000-0239-ffff-ffff0000009b/location [39m[32m200[39m [90m18 ms - 78[39m
[35m[HTTP][39m [90m[39m
[35m[HTTP][39m [37m-->[39m [37mPOST[39m [37m/wd/hub/session/e7d8339a-e6e2-456a-a446-cefc0e85fb05/timeouts[39m
[35m[HTTP][39m [90m{"implicit":30000}[39m
[35m[HTTP][39m [37m<-- POST /wd/hub/session/e7d8339a-e6e2-456a-a446-cefc0e85fb05/timeouts [39m[32m200[39m [90m1 ms - 14[39m
[35m[HTTP][39m [90m[39m
[35m[HTTP][39m [37m-->[39m [37mPOST[39m [37m/wd/hub/session/e7d8339a-e6e2-456a-a446-cefc0e85fb05/element/00000000-0000-0239-ffff-ffff0000009b/click[39m
[35m[HTTP][39m [90m{"id":"00000000-0000-0239-ffff-ffff0000009b"}[39m
[35m[HTTP][39m [37m<-- POST /wd/hub/session/e7d8339a-e6e2-456a-a446-cefc0e85fb05/element/00000000-0000-0239-ffff-ffff0000009b/click [39m[32m200[39m [90m54 ms - 14[39m
[35m[HTTP][39m [90m[39m
[35m[HTTP][39m [37m-->[39m [37mPOST[39m [37m/wd/hub/session/e7d8339a-e6e2-456a-a446-cefc0e85fb05/timeouts[39m
[35m[HTTP][39m [90m{"implicit":50}[39m
[35m[HTTP][39m [37m<-- POST /wd/hub/session/e7d8339a-e6e2-456a-a446-cefc0e85fb05/timeouts [39m[32m200[39m [90m2 ms - 14[39m
[35m[HTTP][39m [90m[39m
[35m[HTTP][39m [37m-->[39m [37mGET[39m [37m/wd/hub/session/e7d8339a-e6e2-456a-a446-cefc0e85fb05/window/rect[39m
[35m[HTTP][39m [90m{}[39m
[35m[HTTP][39m [37m<-- GET /wd/hub/session/e7d8339a-e6e2-456a-a446-cefc0e85fb05/window/rect [39m[32m200[39m [90m11 ms - 50[39m
[35m[HTTP][39m [90m[39m
[35m[HTTP][39m [37m-->[39m [37mPOST[39m [37m/wd/hub/session/e7d8339a-e6e2-456a-a446-cefc0e85fb05/elements[39m
[35m[HTTP][39m [90m{"using":"xpath","value":"//hierarchy/android.widget.FrameLayout[1]/android.widget.LinearLayout[1]/android.widget.FrameLayout[1]/android.widget.LinearLayout[1]/android.widget.FrameLayout[1]/android.widget.FrameLayout[1]/android.view.ViewGroup[1]/android.view.ViewGroup[2]/android.view.ViewGroup[1]/android.view.ViewGroup[1]/android.view.ViewGroup[1]/android.view.ViewGroup[1]/android.view.ViewGroup[1]/android.view.ViewGroup[1]/android.view.ViewGroup[1]/android.widget.ScrollView[1]/android.view.ViewGroup[1]/android.widget.ScrollView[1]/android.view.ViewGroup[1]/android.view.ViewGroup[1]/android.view.ViewGroup[1]/android.view.ViewGroup[1]"}[39m
[35m[HTTP][39m [37m<-- POST /wd/hub/session/e7d8339a-e6e2-456a-a446-cefc0e85fb05/elements [39m[32m200[39m [90m333 ms - 12[39m
[35m[HTTP][39m [90m[39m
[35m[HTTP][39m [37m-->[39m [37mPOST[39m [37m/wd/hub/session/e7d8339a-e6e2-456a-a446-cefc0e85fb05/elements[39m
[35m[HTTP][39m [90m{"using":"xpath","value":"//hierarchy/android.widget.FrameLayout[1]/android.widget.LinearLayout[1]/android.widget.FrameLayout[1]/android.widget.LinearLayout[1]/android.widget.FrameLayout[1]/android.widget.FrameLayout[1]/android.view.ViewGroup[1]/android.view.ViewGroup[2]/android.view.ViewGroup[1]/android.view.ViewGroup[1]/android.view.ViewGroup[1]/android.view.ViewGroup[1]/android.view.ViewGroup[1]/android.view.ViewGroup[1]/android.view.ViewGroup[1]/android.widget.ScrollView[1]/android.view.ViewGroup[1]/android.widget.ScrollView[1]/android.view.ViewGroup[1]/android.view.ViewGroup[1]/android.view.ViewGroup[1]/android.view.ViewGroup[1]"}[39m
[35m[HTTP][39m [37m<-- POST /wd/hub/session/e7d8339a-e6e2-456a-a446-cefc0e85fb05/elements [39m[32m200[39m [90m483 ms - 12[39m
[35m[HTTP][39m [90m[39m
[35m[HTTP][39m [37m-->[39m [37mPOST[39m [37m/wd/hub/session/e7d8339a-e6e2-456a-a446-cefc0e85fb05/elements[39m
[35m[HTTP][39m [90m{"using":"xpath","value":"//hierarchy/android.widget.FrameLayout[1]/android.widget.LinearLayout[1]/android.widget.FrameLayout[1]/android.widget.LinearLayout[1]/android.widget.FrameLayout[1]/android.widget.FrameLayout[1]/android.view.ViewGroup[1]/android.view.ViewGroup[2]/android.view.ViewGroup[1]/android.view.ViewGroup[1]/android.view.ViewGroup[1]/android.view.ViewGroup[1]/android.view.ViewGroup[1]/android.view.ViewGroup[1]/android.view.ViewGroup[1]/android.widget.ScrollView[1]/android.view.ViewGroup[1]/android.widget.ScrollView[1]/android.view.ViewGroup[1]/android.view.ViewGroup[1]/android.view.ViewGroup[1]/android.view.ViewGroup[1]"}[39m
[35m[HTTP][39m [37m<-- POST /wd/hub/session/e7d8339a-e6e2-456a-a446-cefc0e85fb05/elements [39m[32m200[39m [90m557 ms - 139[39m
[35m[HTTP][39m [90m[39m
[35m[HTTP][39m [37m-->[39m [37mGET[39m [37m/wd/hub/session/e7d8339a-e6e2-456a-a446-cefc0e85fb05/element/00000000-0000-0239-ffff-ffff0000014b/location[39m
[35m[HTTP][39m [90m{}[39m
[35m[W3C (e7d8339a)][39m Driver proxy active, passing request on via HTTP proxy
[35m[WD Proxy][39m Replacing sessionId 964249bc-d14c-4f33-b13e-8a35d0fe5c3c with e7d8339a-e6e2-456a-a446-cefc0e85fb05
[35m[HTTP][39m [37m<-- GET /wd/hub/session/e7d8339a-e6e2-456a-a446-cefc0e85fb05/element/00000000-0000-0239-ffff-ffff0000014b/location [39m[32m200[39m [90m459 ms - 77[39m
[35m[HTTP][39m [90m[39m
[35m[HTTP][39m [37m-->[39m [37mPOST[39m [37m/wd/hub/session/e7d8339a-e6e2-456a-a446-cefc0e85fb05/timeouts[39m
[35m[HTTP][39m [90m{"implicit":30000}[39m
[35m[HTTP][39m [37m<-- POST /wd/hub/session/e7d8339a-e6e2-456a-a446-cefc0e85fb05/timeouts [39m[32m200[39m [90m3 ms - 14[39m
[35m[HTTP][39m [90m[39m
[35m[HTTP][39m [37m-->[39m [37mPOST[39m [37m/wd/hub/session/e7d8339a-e6e2-456a-a446-cefc0e85fb05/element/00000000-0000-0239-ffff-ffff0000014b/click[39m
[35m[HTTP][39m [90m{"id":"00000000-0000-0239-ffff-ffff0000014b"}[39m
[35m[HTTP][39m [37m<-- POST /wd/hub/session/e7d8339a-e6e2-456a-a446-cefc0e85fb05/element/00000000-0000-0239-ffff-ffff0000014b/click [39m[32m200[39m [90m41 ms - 14[39m
[35m[HTTP][39m [90m[39m
[35m[HTTP][39m [37m-->[39m [37mPOST[39m [37m/wd/hub/session/e7d8339a-e6e2-456a-a446-cefc0e85fb05/timeouts[39m
[35m[HTTP][39m [90m{"implicit":50}[39m
[35m[HTTP][39m [37m<-- POST /wd/hub/session/e7d8339a-e6e2-456a-a446-cefc0e85fb05/timeouts [39m[32m200[39m [90m1 ms - 14[39m
[35m[HTTP][39m [90m[39m
[35m[HTTP][39m [37m-->[39m [37mGET[39m [37m/wd/hub/session/e7d8339a-e6e2-456a-a446-cefc0e85fb05/window/rect[39m
[35m[HTTP][39m [90m{}[39m
[35m[HTTP][39m [37m<-- GET /wd/hub/session/e7d8339a-e6e2-456a-a446-cefc0e85fb05/window/rect [39m[32m200[39m [90m23 ms - 50[39m
[35m[HTTP][39m [90m[39m
[35m[HTTP][39m [37m-->[39m [37mPOST[39m [37m/wd/hub/session/e7d8339a-e6e2-456a-a446-cefc0e85fb05/elements[39m
[35m[HTTP][39m [90m{"using":"xpath","value":"//*[@class = 'android.widget.EditText' and (@text = '1' or . = '1')]"}[39m
[35m[HTTP][39m [37m<-- POST /wd/hub/session/e7d8339a-e6e2-456a-a446-cefc0e85fb05/elements [39m[32m200[39m [90m904 ms - 139[39m
[35m[HTTP][39m [90m[39m
[35m[HTTP][39m [37m-->[39m [37mGET[39m [37m/wd/hub/session/e7d8339a-e6e2-456a-a446-cefc0e85fb05/element/00000000-0000-0239-ffff-ffff0000019c/location[39m
[35m[HTTP][39m [90m{}[39m
[35m[W3C (e7d8339a)][39m Driver proxy active, passing request on via HTTP proxy
[35m[WD Proxy][39m Replacing sessionId 964249bc-d14c-4f33-b13e-8a35d0fe5c3c with e7d8339a-e6e2-456a-a446-cefc0e85fb05
[35m[HTTP][39m [37m<-- GET /wd/hub/session/e7d8339a-e6e2-456a-a446-cefc0e85fb05/element/00000000-0000-0239-ffff-ffff0000019c/location [39m[32m200[39m [90m23 ms - 79[39m
[35m[HTTP][39m [90m[39m
[35m[HTTP][39m [37m-->[39m [37mPOST[39m [37m/wd/hub/session/e7d8339a-e6e2-456a-a446-cefc0e85fb05/timeouts[39m
[35m[HTTP][39m [90m{"implicit":30000}[39m
[35m[HTTP][39m [37m<-- POST /wd/hub/session/e7d8339a-e6e2-456a-a446-cefc0e85fb05/timeouts [39m[32m200[39m [90m2 ms - 14[39m
[35m[HTTP][39m [90m[39m
[35m[HTTP][39m [37m-->[39m [37mPOST[39m [37m/wd/hub/session/e7d8339a-e6e2-456a-a446-cefc0e85fb05/element/00000000-0000-0239-ffff-ffff0000019c/click[39m
[35m[HTTP][39m [90m{"id":"00000000-0000-0239-ffff-ffff0000019c"}[39m
[35m[HTTP][39m [37m<-- POST /wd/hub/session/e7d8339a-e6e2-456a-a446-cefc0e85fb05/element/00000000-0000-0239-ffff-ffff0000019c/click [39m[32m200[39m [90m50 ms - 14[39m
[35m[HTTP][39m [90m[39m
[35m[HTTP][39m [37m-->[39m [37mPOST[39m [37m/wd/hub/session/e7d8339a-e6e2-456a-a446-cefc0e85fb05/timeouts[39m
[35m[HTTP][39m [90m{"implicit":50}[39m
[35m[HTTP][39m [37m<-- POST /wd/hub/session/e7d8339a-e6e2-456a-a446-cefc0e85fb05/timeouts [39m[32m200[39m [90m2 ms - 14[39m
[35m[HTTP][39m [90m[39m
[35m[HTTP][39m [37m-->[39m [37mGET[39m [37m/wd/hub/session/e7d8339a-e6e2-456a-a446-cefc0e85fb05/window/rect[39m
[35m[HTTP][39m [90m{}[39m
[35m[HTTP][39m [37m<-- GET /wd/hub/session/e7d8339a-e6e2-456a-a446-cefc0e85fb05/window/rect [39m[32m200[39m [90m13 ms - 50[39m
[35m[HTTP][39m [90m[39m
[35m[HTTP][39m [37m-->[39m [37mPOST[39m [37m/wd/hub/session/e7d8339a-e6e2-456a-a446-cefc0e85fb05/elements[39m
[35m[HTTP][39m [90m{"using":"xpath","value":"//*[@class = 'android.widget.EditText' and (@text = '1' or . = '1')]"}[39m
[35m[HTTP][39m [37m<-- POST /wd/hub/session/e7d8339a-e6e2-456a-a446-cefc0e85fb05/elements [39m[32m200[39m [90m235 ms - 139[39m
[35m[HTTP][39m [90m[39m
[35m[HTTP][39m [37m-->[39m [37mGET[39m [37m/wd/hub/session/e7d8339a-e6e2-456a-a446-cefc0e85fb05/element/00000000-0000-0239-ffff-ffff0000019c/location[39m
[35m[HTTP][39m [90m{}[39m
[35m[W3C (e7d8339a)][39m Driver proxy active, passing request on via HTTP proxy
[35m[WD Proxy][39m Replacing sessionId 964249bc-d14c-4f33-b13e-8a35d0fe5c3c with e7d8339a-e6e2-456a-a446-cefc0e85fb05
[35m[HTTP][39m [37m<-- GET /wd/hub/session/e7d8339a-e6e2-456a-a446-cefc0e85fb05/element/00000000-0000-0239-ffff-ffff0000019c/location [39m[32m200[39m [90m21 ms - 79[39m
[35m[HTTP][39m [90m[39m
[35m[HTTP][39m [37m-->[39m [37mPOST[39m [37m/wd/hub/session/e7d8339a-e6e2-456a-a446-cefc0e85fb05/timeouts[39m
[35m[HTTP][39m [90m{"implicit":30000}[39m
[35m[HTTP][39m [37m<-- POST /wd/hub/session/e7d8339a-e6e2-456a-a446-cefc0e85fb05/timeouts [39m[32m200[39m [90m3 ms - 14[39m
[35m[HTTP][39m [90m[39m
[35m[HTTP][39m [37m-->[39m [37mPOST[39m [37m/wd/hub/session/e7d8339a-e6e2-456a-a446-cefc0e85fb05/element/00000000-0000-0239-ffff-ffff0000019c/clear[39m
[35m[HTTP][39m [90m{"id":"00000000-0000-0239-ffff-ffff0000019c"}[39m
[35m[HTTP][39m [37m<-- POST /wd/hub/session/e7d8339a-e6e2-456a-a446-cefc0e85fb05/element/00000000-0000-0239-ffff-ffff0000019c/clear [39m[32m200[39m [90m29 ms - 14[39m
[35m[HTTP][39m [90m[39m
[35m[HTTP][39m [37m-->[39m [37mPOST[39m [37m/wd/hub/session/e7d8339a-e6e2-456a-a446-cefc0e85fb05/element/00000000-0000-0239-ffff-ffff0000019c/value[39m
[35m[HTTP][39m [90m{"id":"00000000-0000-0239-ffff-ffff0000019c","text":"5","value":["5"]}[39m
[35m[HTTP][39m [37m<-- POST /wd/hub/session/e7d8339a-e6e2-456a-a446-cefc0e85fb05/element/00000000-0000-0239-ffff-ffff0000019c/value [39m[32m200[39m [90m605 ms - 14[39m
[35m[HTTP][39m [90m[39m
[35m[HTTP][39m [37m-->[39m [37mGET[39m [37m/wd/hub/session/e7d8339a-e6e2-456a-a446-cefc0e85fb05/context[39m
[35m[HTTP][39m [90m{}[39m
[35m[HTTP][39m [37m<-- GET /wd/hub/session/e7d8339a-e6e2-456a-a446-cefc0e85fb05/context [39m[32m200[39m [90m2 ms - 22[39m
[35m[HTTP][39m [90m[39m
[35m[HTTP][39m [37m-->[39m [37mGET[39m [37m/wd/hub/session/e7d8339a-e6e2-456a-a446-cefc0e85fb05/contexts[39m
[35m[HTTP][39m [90m{}[39m
[35m[HTTP][39m [37m<-- GET /wd/hub/session/e7d8339a-e6e2-456a-a446-cefc0e85fb05/contexts [39m[32m200[39m [90m498 ms - 55[39m
[35m[HTTP][39m [90m[39m
[35m[HTTP][39m [37m-->[39m [37mPOST[39m [37m/wd/hub/session/e7d8339a-e6e2-456a-a446-cefc0e85fb05/context[39m
[35m[HTTP][39m [90m{"name":"NATIVE_APP"}[39m
[35m[HTTP][39m [37m<-- POST /wd/hub/session/e7d8339a-e6e2-456a-a446-cefc0e85fb05/context [39m[32m200[39m [90m4 ms - 14[39m
[35m[HTTP][39m [90m[39m
[35m[HTTP][39m [37m-->[39m [37mPOST[39m [37m/wd/hub/session/e7d8339a-e6e2-456a-a446-cefc0e85fb05/appium/device/hide_keyboard[39m
[35m[HTTP][39m [90m{}[39m
[35m[HTTP][39m [37m<-- POST /wd/hub/session/e7d8339a-e6e2-456a-a446-cefc0e85fb05/appium/device/hide_keyboard [39m[32m200[39m [90m1494 ms - 14[39m
[35m[HTTP][39m [90m[39m
[35m[HTTP][39m [37m-->[39m [37mPOST[39m [37m/wd/hub/session/e7d8339a-e6e2-456a-a446-cefc0e85fb05/context[39m
[35m[HTTP][39m [90m{"name":"NATIVE_APP"}[39m
[35m[HTTP][39m [37m<-- POST /wd/hub/session/e7d8339a-e6e2-456a-a446-cefc0e85fb05/context [39m[32m200[39m [90m1 ms - 14[39m
[35m[HTTP][39m [90m[39m
[35m[HTTP][39m [37m-->[39m [37mPOST[39m [37m/wd/hub/session/e7d8339a-e6e2-456a-a446-cefc0e85fb05/timeouts[39m
[35m[HTTP][39m [90m{"implicit":50}[39m
[35m[HTTP][39m [37m<-- POST /wd/hub/session/e7d8339a-e6e2-456a-a446-cefc0e85fb05/timeouts [39m[32m200[39m [90m2 ms - 14[39m
[35m[HTTP][39m [90m[39m
[35m[HTTP][39m [37m-->[39m [37mGET[39m [37m/wd/hub/session/e7d8339a-e6e2-456a-a446-cefc0e85fb05/window/rect[39m
[35m[HTTP][39m [90m{}[39m
[35m[HTTP][39m [37m<-- GET /wd/hub/session/e7d8339a-e6e2-456a-a446-cefc0e85fb05/window/rect [39m[32m200[39m [90m27 ms - 50[39m
[35m[HTTP][39m [90m[39m
[35m[HTTP][39m [37m-->[39m [37mPOST[39m [37m/wd/hub/session/e7d8339a-e6e2-456a-a446-cefc0e85fb05/elements[39m
[35m[HTTP][39m [90m{"using":"xpath","value":"//hierarchy/android.widget.FrameLayout[1]/android.widget.LinearLayout[1]/android.widget.FrameLayout[1]/android.widget.LinearLayout[1]/android.widget.FrameLayout[1]/android.widget.FrameLayout[1]/android.view.ViewGroup[1]/android.view.ViewGroup[2]/android.view.ViewGroup[1]/android.view.ViewGroup[1]/android.view.ViewGroup[1]/android.view.ViewGroup[1]/android.view.ViewGroup[1]/android.view.ViewGroup[1]/android.view.ViewGroup[1]/android.view.ViewGroup[1]/android.widget.ScrollView[1]/android.view.ViewGroup[1]/android.view.ViewGroup[3]/android.view.ViewGroup[1]"}[39m
[35m[HTTP][39m [37m<-- POST /wd/hub/session/e7d8339a-e6e2-456a-a446-cefc0e85fb05/elements [39m[32m200[39m [90m255 ms - 139[39m
[35m[HTTP][39m [90m[39m
[35m[HTTP][39m [37m-->[39m [37mGET[39m [37m/wd/hub/session/e7d8339a-e6e2-456a-a446-cefc0e85fb05/element/00000000-0000-0239-ffff-ffff0000019d/location[39m
[35m[HTTP][39m [90m{}[39m
[35m[W3C (e7d8339a)][39m Driver proxy active, passing request on via HTTP proxy
[35m[WD Proxy][39m Replacing sessionId 964249bc-d14c-4f33-b13e-8a35d0fe5c3c with e7d8339a-e6e2-456a-a446-cefc0e85fb05
[35m[HTTP][39m [37m<-- GET /wd/hub/session/e7d8339a-e6e2-456a-a446-cefc0e85fb05/element/00000000-0000-0239-ffff-ffff0000019d/location [39m[32m200[39m [90m19 ms - 78[39m
[35m[HTTP][39m [90m[39m
[35m[HTTP][39m [37m-->[39m [37mPOST[39m [37m/wd/hub/session/e7d8339a-e6e2-456a-a446-cefc0e85fb05/timeouts[39m
[35m[HTTP][39m [90m{"implicit":30000}[39m
[35m[HTTP][39m [37m<-- POST /wd/hub/session/e7d8339a-e6e2-456a-a446-cefc0e85fb05/timeouts [39m[32m200[39m [90m1 ms - 14[39m
[35m[HTTP][39m [90m[39m
[35m[HTTP][39m [37m-->[39m [37mPOST[39m [37m/wd/hub/session/e7d8339a-e6e2-456a-a446-cefc0e85fb05/element/00000000-0000-0239-ffff-ffff0000019d/click[39m
[35m[HTTP][39m [90m{"id":"00000000-0000-0239-ffff-ffff0000019d"}[39m
[35m[HTTP][39m [37m<-- POST /wd/hub/session/e7d8339a-e6e2-456a-a446-cefc0e85fb05/element/00000000-0000-0239-ffff-ffff0000019d/click [39m[32m200[39m [90m51 ms - 14[39m
[35m[HTTP][39m [90m[39m
[35m[HTTP][39m [37m-->[39m [37mPOST[39m [37m/wd/hub/session/e7d8339a-e6e2-456a-a446-cefc0e85fb05/timeouts[39m
[35m[HTTP][39m [90m{"implicit":50}[39m
[35m[HTTP][39m [37m<-- POST /wd/hub/session/e7d8339a-e6e2-456a-a446-cefc0e85fb05/timeouts [39m[32m200[39m [90m1 ms - 14[39m
[35m[HTTP][39m [90m[39m
[35m[HTTP][39m [37m-->[39m [37mGET[39m [37m/wd/hub/session/e7d8339a-e6e2-456a-a446-cefc0e85fb05/window/rect[39m
[35m[HTTP][39m [90m{}[39m
[35m[HTTP][39m [37m<-- GET /wd/hub/session/e7d8339a-e6e2-456a-a446-cefc0e85fb05/window/rect [39m[32m200[39m [90m16 ms - 50[39m
[35m[HTTP][39m [90m[39m
[35m[HTTP][39m [37m-->[39m [37mPOST[39m [37m/wd/hub/session/e7d8339a-e6e2-456a-a446-cefc0e85fb05/elements[39m
[35m[HTTP][39m [90m{"using":"xpath","value":"//hierarchy/android.widget.FrameLayout[1]/android.widget.LinearLayout[1]/android.widget.FrameLayout[1]/android.widget.LinearLayout[1]/android.widget.FrameLayout[1]/android.widget.FrameLayout[1]/android.view.ViewGroup[1]/android.view.ViewGroup[2]/android.view.ViewGroup[1]/android.view.ViewGroup[1]/android.view.ViewGroup[1]/android.view.ViewGroup[1]/android.view.ViewGroup[1]/android.view.ViewGroup[1]/android.view.ViewGroup[1]/android.view.ViewGroup[1]/android.widget.ScrollView[1]/android.view.ViewGroup[1]/android.view.ViewGroup[3]/android.view.ViewGroup[1]"}[39m
[35m[HTTP][39m [37m<-- POST /wd/hub/session/e7d8339a-e6e2-456a-a446-cefc0e85fb05/elements [39m[32m200[39m [90m214 ms - 139[39m
[35m[HTTP][39m [90m[39m
[35m[HTTP][39m [37m-->[39m [37mGET[39m [37m/wd/hub/session/e7d8339a-e6e2-456a-a446-cefc0e85fb05/element/00000000-0000-0239-ffff-ffff0000019d/location[39m
[35m[HTTP][39m [90m{}[39m
[35m[W3C (e7d8339a)][39m Driver proxy active, passing request on via HTTP proxy
[35m[WD Proxy][39m Replacing sessionId 964249bc-d14c-4f33-b13e-8a35d0fe5c3c with e7d8339a-e6e2-456a-a446-cefc0e85fb05
[35m[HTTP][39m [37m<-- GET /wd/hub/session/e7d8339a-e6e2-456a-a446-cefc0e85fb05/element/00000000-0000-0239-ffff-ffff0000019d/location [39m[32m200[39m [90m16 ms - 78[39m
[35m[HTTP][39m [90m[39m
[35m[HTTP][39m [37m-->[39m [37mPOST[39m [37m/wd/hub/session/e7d8339a-e6e2-456a-a446-cefc0e85fb05/timeouts[39m
[35m[HTTP][39m [90m{"implicit":30000}[39m
[35m[HTTP][39m [37m<-- POST /wd/hub/session/e7d8339a-e6e2-456a-a446-cefc0e85fb05/timeouts [39m[32m200[39m [90m1 ms - 14[39m
[35m[HTTP][39m [90m[39m
[35m[HTTP][39m [37m-->[39m [37mPOST[39m [37m/wd/hub/session/e7d8339a-e6e2-456a-a446-cefc0e85fb05/element/00000000-0000-0239-ffff-ffff0000019d/click[39m
[35m[HTTP][39m [90m{"id":"00000000-0000-0239-ffff-ffff0000019d"}[39m
[35m[HTTP][39m [37m<-- POST /wd/hub/session/e7d8339a-e6e2-456a-a446-cefc0e85fb05/element/00000000-0000-0239-ffff-ffff0000019d/click [39m[32m200[39m [90m42 ms - 14[39m
[35m[HTTP][39m [90m[39m
[35m[HTTP][39m [37m-->[39m [37mPOST[39m [37m/wd/hub/session/e7d8339a-e6e2-456a-a446-cefc0e85fb05/timeouts[39m
[35m[HTTP][39m [90m{"implicit":50}[39m
[35m[HTTP][39m [37m<-- POST /wd/hub/session/e7d8339a-e6e2-456a-a446-cefc0e85fb05/timeouts [39m[32m200[39m [90m2 ms - 14[39m
[35m[HTTP][39m [90m[39m
[35m[HTTP][39m [37m-->[39m [37mGET[39m [37m/wd/hub/session/e7d8339a-e6e2-456a-a446-cefc0e85fb05/window/rect[39m
[35m[HTTP][39m [90m{}[39m
[35m[HTTP][39m [37m<-- GET /wd/hub/session/e7d8339a-e6e2-456a-a446-cefc0e85fb05/window/rect [39m[32m200[39m [90m9 ms - 50[39m
[35m[HTTP][39m [90m[39m
[35m[HTTP][39m [37m-->[39m [37mPOST[39m [37m/wd/hub/session/e7d8339a-e6e2-456a-a446-cefc0e85fb05/elements[39m
[35m[HTTP][39m [90m{"using":"xpath","value":"//hierarchy/android.widget.FrameLayout[1]/android.widget.LinearLayout[1]/android.widget.FrameLayout[1]/android.widget.LinearLayout[1]/android.widget.FrameLayout[1]/android.widget.FrameLayout[1]/android.view.ViewGroup[1]/android.view.ViewGroup[2]/android.view.ViewGroup[2]/android.view.ViewGroup[3]/android.widget.ImageView[1]"}[39m
[35m[HTTP][39m [37m<-- POST /wd/hub/session/e7d8339a-e6e2-456a-a446-cefc0e85fb05/elements [39m[32m200[39m [90m1126 ms - 139[39m
[35m[HTTP][39m [90m[39m
[35m[HTTP][39m [37m-->[39m [37mGET[39m [37m/wd/hub/session/e7d8339a-e6e2-456a-a446-cefc0e85fb05/element/00000000-0000-0239-ffff-ffff0000006a/location[39m
[35m[HTTP][39m [90m{}[39m
[35m[W3C (e7d8339a)][39m Driver proxy active, passing request on via HTTP proxy
[35m[WD Proxy][39m Replacing sessionId 964249bc-d14c-4f33-b13e-8a35d0fe5c3c with e7d8339a-e6e2-456a-a446-cefc0e85fb05
[35m[HTTP][39m [37m<-- GET /wd/hub/session/e7d8339a-e6e2-456a-a446-cefc0e85fb05/element/00000000-0000-0239-ffff-ffff0000006a/location [39m[32m200[39m [90m18 ms - 79[39m
[35m[HTTP][39m [90m[39m
[35m[HTTP][39m [37m-->[39m [37mPOST[39m [37m/wd/hub/session/e7d8339a-e6e2-456a-a446-cefc0e85fb05/timeouts[39m
[35m[HTTP][39m [90m{"implicit":30000}[39m
[35m[HTTP][39m [37m<-- POST /wd/hub/session/e7d8339a-e6e2-456a-a446-cefc0e85fb05/timeouts [39m[32m200[39m [90m1 ms - 14[39m
[35m[HTTP][39m [90m[39m
[35m[HTTP][39m [37m-->[39m [37mPOST[39m [37m/wd/hub/session/e7d8339a-e6e2-456a-a446-cefc0e85fb05/element/00000000-0000-0239-ffff-ffff0000006a/click[39m
[35m[HTTP][39m [90m{"id":"00000000-0000-0239-ffff-ffff0000006a"}[39m
[35m[HTTP][39m [37m<-- POST /wd/hub/session/e7d8339a-e6e2-456a-a446-cefc0e85fb05/element/00000000-0000-0239-ffff-ffff0000006a/click [39m[32m200[39m [90m49 ms - 14[39m
[35m[HTTP][39m [90m[39m
[35m[HTTP][39m [37m-->[39m [37mPOST[39m [37m/wd/hub/session/e7d8339a-e6e2-456a-a446-cefc0e85fb05/timeouts[39m
[35m[HTTP][39m [90m{"implicit":50}[39m
[35m[HTTP][39m [37m<-- POST /wd/hub/session/e7d8339a-e6e2-456a-a446-cefc0e85fb05/timeouts [39m[32m200[39m [90m1 ms - 14[39m
[35m[HTTP][39m [90m[39m
[35m[HTTP][39m [37m-->[39m [37mGET[39m [37m/wd/hub/session/e7d8339a-e6e2-456a-a446-cefc0e85fb05/window/rect[39m
[35m[HTTP][39m [90m{}[39m
[35m[HTTP][39m [37m<-- GET /wd/hub/session/e7d8339a-e6e2-456a-a446-cefc0e85fb05/window/rect [39m[32m200[39m [90m14 ms - 50[39m
[35m[HTTP][39m [90m[39m
[35m[HTTP][39m [37m-->[39m [37mPOST[39m [37m/wd/hub/session/e7d8339a-e6e2-456a-a446-cefc0e85fb05/elements[39m
[35m[HTTP][39m [90m{"using":"xpath","value":"//*[@class = 'android.widget.TextView' and (@text = 'Checkout' or . = 'Checkout')]"}[39m
[35m[HTTP][39m [37m<-- POST /wd/hub/session/e7d8339a-e6e2-456a-a446-cefc0e85fb05/elements [39m[32m200[39m [90m971 ms - 139[39m
[35m[HTTP][39m [90m[39m
[35m[HTTP][39m [37m-->[39m [37mGET[39m [37m/wd/hub/session/e7d8339a-e6e2-456a-a446-cefc0e85fb05/element/00000000-0000-0239-ffff-ffff000001b6/location[39m
[35m[HTTP][39m [90m{}[39m
[35m[W3C (e7d8339a)][39m Driver proxy active, passing request on via HTTP proxy
[35m[WD Proxy][39m Replacing sessionId 964249bc-d14c-4f33-b13e-8a35d0fe5c3c with e7d8339a-e6e2-456a-a446-cefc0e85fb05
[35m[HTTP][39m [37m<-- GET /wd/hub/session/e7d8339a-e6e2-456a-a446-cefc0e85fb05/element/00000000-0000-0239-ffff-ffff000001b6/location [39m[32m200[39m [90m21 ms - 78[39m
[35m[HTTP][39m [90m[39m
[35m[HTTP][39m [37m-->[39m [37mPOST[39m [37m/wd/hub/session/e7d8339a-e6e2-456a-a446-cefc0e85fb05/timeouts[39m
[35m[HTTP][39m [90m{"implicit":30000}[39m
[35m[HTTP][39m [37m<-- POST /wd/hub/session/e7d8339a-e6e2-456a-a446-cefc0e85fb05/timeouts [39m[32m200[39m [90m2 ms - 14[39m
[35m[HTTP][39m [90m[39m
[35m[HTTP][39m [37m-->[39m [37mPOST[39m [37m/wd/hub/session/e7d8339a-e6e2-456a-a446-cefc0e85fb05/element/00000000-0000-0239-ffff-ffff000001b6/click[39m
[35m[HTTP][39m [90m{"id":"00000000-0000-0239-ffff-ffff000001b6"}[39m
[35m[HTTP][39m [37m<-- POST /wd/hub/session/e7d8339a-e6e2-456a-a446-cefc0e85fb05/element/00000000-0000-0239-ffff-ffff000001b6/click [39m[32m200[39m [90m45 ms - 14[39m
[35m[HTTP][39m [90m[39m
[35m[HTTP][39m [37m-->[39m [37mPOST[39m [37m/wd/hub/session/e7d8339a-e6e2-456a-a446-cefc0e85fb05/timeouts[39m
[35m[HTTP][39m [90m{"implicit":50}[39m
[35m[HTTP][39m [37m<-- POST /wd/hub/session/e7d8339a-e6e2-456a-a446-cefc0e85fb05/timeouts [39m[32m200[39m [90m1 ms - 14[39m
[35m[HTTP][39m [90m[39m
[35m[HTTP][39m [37m-->[39m [37mGET[39m [37m/wd/hub/session/e7d8339a-e6e2-456a-a446-cefc0e85fb05/window/rect[39m
[35m[HTTP][39m [90m{}[39m
[35m[HTTP][39m [37m<-- GET /wd/hub/session/e7d8339a-e6e2-456a-a446-cefc0e85fb05/window/rect [39m[32m200[39m [90m12 ms - 50[39m
[35m[HTTP][39m [90m[39m
[35m[HTTP][39m [37m-->[39m [37mPOST[39m [37m/wd/hub/session/e7d8339a-e6e2-456a-a446-cefc0e85fb05/elements[39m
[35m[HTTP][39m [90m{"using":"xpath","value":"//*[@class = 'android.widget.TextView' and (@text = 'If you have any inquiries or updates pls whatsap us at 94617563. ' or . = 'If you have any inquiries or updates pls whatsap us at 94617563. ')]"}[39m
[35m[HTTP][39m [37m<-- POST /wd/hub/session/e7d8339a-e6e2-456a-a446-cefc0e85fb05/elements [39m[32m200[39m [90m831 ms - 12[39m
[35m[HTTP][39m [90m[39m
[35m[HTTP][39m [37m-->[39m [37mPOST[39m [37m/wd/hub/session/e7d8339a-e6e2-456a-a446-cefc0e85fb05/elements[39m
[35m[HTTP][39m [90m{"using":"xpath","value":"//*[@class = 'android.widget.TextView' and (@text = 'If you have any inquiries or updates pls whatsap us at 94617563. ' or . = 'If you have any inquiries or updates pls whatsap us at 94617563. ')]"}[39m
[35m[HTTP][39m [37m<-- POST /wd/hub/session/e7d8339a-e6e2-456a-a446-cefc0e85fb05/elements [39m[32m200[39m [90m154 ms - 12[39m
[35m[HTTP][39m [90m[39m
[35m[HTTP][39m [37m-->[39m [37mPOST[39m [37m/wd/hub/session/e7d8339a-e6e2-456a-a446-cefc0e85fb05/elements[39m
[35m[HTTP][39m [90m{"using":"xpath","value":"//*[@class = 'android.widget.TextView' and (@text = 'If you have any inquiries or updates pls whatsap us at 94617563. ' or . = 'If you have any inquiries or updates pls whatsap us at 94617563. ')]"}[39m
[35m[HTTP][39m [37m<-- POST /wd/hub/session/e7d8339a-e6e2-456a-a446-cefc0e85fb05/elements [39m[32m200[39m [90m189 ms - 12[39m
[35m[HTTP][39m [90m[39m
[35m[HTTP][39m [37m-->[39m [37mPOST[39m [37m/wd/hub/session/e7d8339a-e6e2-456a-a446-cefc0e85fb05/elements[39m
[35m[HTTP][39m [90m{"using":"xpath","value":"//*[@class = 'android.widget.TextView' and (@text = 'If you have any inquiries or updates pls whatsap us at 94617563. ' or . = 'If you have any inquiries or updates pls whatsap us at 94617563. ')]"}[39m
[35m[HTTP][39m [37m<-- POST /wd/hub/session/e7d8339a-e6e2-456a-a446-cefc0e85fb05/elements [39m[32m200[39m [90m207 ms - 12[39m
[35m[HTTP][39m [90m[39m
[35m[HTTP][39m [37m-->[39m [37mPOST[39m [37m/wd/hub/session/e7d8339a-e6e2-456a-a446-cefc0e85fb05/elements[39m
[35m[HTTP][39m [90m{"using":"xpath","value":"//*[@class = 'android.widget.TextView' and (@text = 'If you have any inquiries or updates pls whatsap us at 94617563. ' or . = 'If you have any inquiries or updates pls whatsap us at 94617563. ')]"}[39m
[35m[HTTP][39m [37m<-- POST /wd/hub/session/e7d8339a-e6e2-456a-a446-cefc0e85fb05/elements [39m[32m200[39m [90m155 ms - 12[39m
[35m[HTTP][39m [90m[39m
[35m[HTTP][39m [37m-->[39m [37mPOST[39m [37m/wd/hub/session/e7d8339a-e6e2-456a-a446-cefc0e85fb05/elements[39m
[35m[HTTP][39m [90m{"using":"xpath","value":"//*[@class = 'android.widget.TextView' and (@text = 'If you have any inquiries or updates pls whatsap us at 94617563. ' or . = 'If you have any inquiries or updates pls whatsap us at 94617563. ')]"}[39m
[35m[HTTP][39m [37m<-- POST /wd/hub/session/e7d8339a-e6e2-456a-a446-cefc0e85fb05/elements [39m[32m200[39m [90m305 ms - 12[39m
[35m[HTTP][39m [90m[39m
[35m[HTTP][39m [37m-->[39m [37mPOST[39m [37m/wd/hub/session/e7d8339a-e6e2-456a-a446-cefc0e85fb05/elements[39m
[35m[HTTP][39m [90m{"using":"xpath","value":"//*[@class = 'android.widget.TextView' and (@text = 'If you have any inquiries or updates pls whatsap us at 94617563. ' or . = 'If you have any inquiries or updates pls whatsap us at 94617563. ')]"}[39m
[35m[HTTP][39m [37m<-- POST /wd/hub/session/e7d8339a-e6e2-456a-a446-cefc0e85fb05/elements [39m[32m200[39m [90m158 ms - 12[39m
[35m[HTTP][39m [90m[39m
[35m[HTTP][39m [37m-->[39m [37mPOST[39m [37m/wd/hub/session/e7d8339a-e6e2-456a-a446-cefc0e85fb05/elements[39m
[35m[HTTP][39m [90m{"using":"xpath","value":"//*[@class = 'android.widget.TextView' and (@text = 'If you have any inquiries or updates pls whatsap us at 94617563. ' or . = 'If you have any inquiries or updates pls whatsap us at 94617563. ')]"}[39m
[35m[HTTP][39m [37m<-- POST /wd/hub/session/e7d8339a-e6e2-456a-a446-cefc0e85fb05/elements [39m[32m200[39m [90m163 ms - 12[39m
[35m[HTTP][39m [90m[39m
[35m[HTTP][39m [37m-->[39m [37mPOST[39m [37m/wd/hub/session/e7d8339a-e6e2-456a-a446-cefc0e85fb05/elements[39m
[35m[HTTP][39m [90m{"using":"xpath","value":"//*[@class = 'android.widget.TextView' and (@text = 'If you have any inquiries or updates pls whatsap us at 94617563. ' or . = 'If you have any inquiries or updates pls whatsap us at 94617563. ')]"}[39m
[35m[HTTP][39m [37m<-- POST /wd/hub/session/e7d8339a-e6e2-456a-a446-cefc0e85fb05/elements [39m[32m200[39m [90m250 ms - 12[39m
[35m[HTTP][39m [90m[39m
[35m[HTTP][39m [37m-->[39m [37mPOST[39m [37m/wd/hub/session/e7d8339a-e6e2-456a-a446-cefc0e85fb05/elements[39m
[35m[HTTP][39m [90m{"using":"xpath","value":"//*[@class = 'android.widget.TextView' and (@text = 'If you have any inquiries or updates pls whatsap us at 94617563. ' or . = 'If you have any inquiries or updates pls whatsap us at 94617563. ')]"}[39m
[35m[HTTP][39m [37m<-- POST /wd/hub/session/e7d8339a-e6e2-456a-a446-cefc0e85fb05/elements [39m[32m200[39m [90m3119 ms - 12[39m
[35m[HTTP][39m [90m[39m
[35m[HTTP][39m [37m-->[39m [37mPOST[39m [37m/wd/hub/session/e7d8339a-e6e2-456a-a446-cefc0e85fb05/elements[39m
[35m[HTTP][39m [90m{"using":"xpath","value":"//*[@class = 'android.widget.TextView' and (@text = 'If you have any inquiries or updates pls whatsap us at 94617563. ' or . = 'If you have any inquiries or updates pls whatsap us at 94617563. ')]"}[39m
[35m[HTTP][39m [37m<-- POST /wd/hub/session/e7d8339a-e6e2-456a-a446-cefc0e85fb05/elements [39m[32m200[39m [90m2258 ms - 12[39m
[35m[HTTP][39m [90m[39m
[35m[HTTP][39m [37m-->[39m [37mPOST[39m [37m/wd/hub/session/e7d8339a-e6e2-456a-a446-cefc0e85fb05/elements[39m
[35m[HTTP][39m [90m{"using":"xpath","value":"//*[@class = 'android.widget.TextView' and (@text = 'If you have any inquiries or updates pls whatsap us at 94617563. ' or . = 'If you have any inquiries or updates pls whatsap us at 94617563. ')]"}[39m
[35m[HTTP][39m [37m<-- POST /wd/hub/session/e7d8339a-e6e2-456a-a446-cefc0e85fb05/elements [39m[32m200[39m [90m154 ms - 12[39m
[35m[HTTP][39m [90m[39m
[35m[HTTP][39m [37m-->[39m [37mPOST[39m [37m/wd/hub/session/e7d8339a-e6e2-456a-a446-cefc0e85fb05/elements[39m
[35m[HTTP][39m [90m{"using":"xpath","value":"//*[@class = 'android.widget.TextView' and (@text = 'If you have any inquiries or updates pls whatsap us at 94617563. ' or . = 'If you have any inquiries or updates pls whatsap us at 94617563. ')]"}[39m
[35m[HTTP][39m [37m<-- POST /wd/hub/session/e7d8339a-e6e2-456a-a446-cefc0e85fb05/elements [39m[32m200[39m [90m577 ms - 12[39m
[35m[HTTP][39m [90m[39m
[35m[HTTP][39m [37m-->[39m [37mPOST[39m [37m/wd/hub/session/e7d8339a-e6e2-456a-a446-cefc0e85fb05/elements[39m
[35m[HTTP][39m [90m{"using":"xpath","value":"//*[@class = 'android.widget.TextView' and (@text = 'If you have any inquiries or updates pls whatsap us at 94617563. ' or . = 'If you have any inquiries or updates pls whatsap us at 94617563. ')]"}[39m
[35m[HTTP][39m [37m<-- POST /wd/hub/session/e7d8339a-e6e2-456a-a446-cefc0e85fb05/elements [39m[32m200[39m [90m1150 ms - 139[39m
[35m[HTTP][39m [90m[39m
[35m[HTTP][39m [37m-->[39m [37mGET[39m [37m/wd/hub/session/e7d8339a-e6e2-456a-a446-cefc0e85fb05/element/00000000-0000-0229-0000-0754000002d0/location[39m
[35m[HTTP][39m [90m{}[39m
[35m[W3C (e7d8339a)][39m Driver proxy active, passing request on via HTTP proxy
[35m[WD Proxy][39m Replacing sessionId 964249bc-d14c-4f33-b13e-8a35d0fe5c3c with e7d8339a-e6e2-456a-a446-cefc0e85fb05
[35m[HTTP][39m [37m<-- GET /wd/hub/session/e7d8339a-e6e2-456a-a446-cefc0e85fb05/element/00000000-0000-0229-0000-0754000002d0/location [39m[32m200[39m [90m16 ms - 77[39m
[35m[HTTP][39m [90m[39m
[35m[HTTP][39m [37m-->[39m [37mPOST[39m [37m/wd/hub/session/e7d8339a-e6e2-456a-a446-cefc0e85fb05/timeouts[39m
[35m[HTTP][39m [90m{"implicit":30000}[39m
[35m[HTTP][39m [37m<-- POST /wd/hub/session/e7d8339a-e6e2-456a-a446-cefc0e85fb05/timeouts [39m[32m200[39m [90m1 ms - 14[39m
[35m[HTTP][39m [90m[39m
[35m[HTTP][39m [37m-->[39m [37mGET[39m [37m/wd/hub/session/e7d8339a-e6e2-456a-a446-cefc0e85fb05/element/00000000-0000-0229-0000-0754000002d0/text[39m
[35m[HTTP][39m [90m{}[39m
[35m[W3C (e7d8339a)][39m Driver proxy active, passing request on via HTTP proxy
[35m[WD Proxy][39m Replacing sessionId 964249bc-d14c-4f33-b13e-8a35d0fe5c3c with e7d8339a-e6e2-456a-a446-cefc0e85fb05
[35m[HTTP][39m [37m<-- GET /wd/hub/session/e7d8339a-e6e2-456a-a446-cefc0e85fb05/element/00000000-0000-0229-0000-0754000002d0/text [39m[32m200[39m [90m12 ms - 129[39m
[35m[HTTP][39m [90m[39m
[35m[HTTP][39m [37m-->[39m [37mDELETE[39m [37m/wd/hub/session/e7d8339a-e6e2-456a-a446-cefc0e85fb05[39m
[35m[HTTP][39m [90m{}[39m
[35m[Appium][39m Removing session e7d8339a-e6e2-456a-a446-cefc0e85fb05 from our master session list
[35m[ADB][39m com.ecwid.ShopAt.HappyDayShopping was successfully uninstalled
[35m[UiAutomator2][39m Restoring hidden api policy to the device default configuration
[35m[HTTP][39m [37m<-- DELETE /wd/hub/session/e7d8339a-e6e2-456a-a446-cefc0e85fb05 [39m[32m200[39m [90m2379 ms - 14[39m
[35m[HTTP][39m [90m[39m
